#
# There is insufficient memory for the Java Runtime Environment to continue.
# Native memory allocation (malloc) failed to allocate 373312 bytes for Chunk::new
# Possible reasons:
#   The system is out of physical RAM or swap space
#   The process is running with CompressedOops enabled, and the Java Heap may be blocking the growth of the native heap
# Possible solutions:
#   Reduce memory load on the system
#   Increase physical memory or swap space
#   Check if swap backing store is full
#   Decrease Java heap size (-Xmx/-Xms)
#   Decrease number of Java threads
#   Decrease Java thread stack sizes (-Xss)
#   Set larger code cache with -XX:ReservedCodeCacheSize=
#   JVM is running with Unscaled Compressed Oops mode in which the Java heap is
#     placed in the first 4GB address space. The Java Heap base address is the
#     maximum limit for the native heap growth. Please use -XX:HeapBaseMinAddress
#     to set the Java Heap base and to place the Java Heap above 4GB virtual address.
# This output file may be truncated or incomplete.
#
#  Out of Memory Error (arena.cpp:189), pid=19452, tid=15816
#
# JRE version: Java(TM) SE Runtime Environment (17.0.7+8) (build 17.0.7+8-LTS-224)
# Java VM: Java HotSpot(TM) 64-Bit Server VM (17.0.7+8-LTS-224, mixed mode, sharing, tiered, compressed oops, compressed class ptrs, g1 gc, windows-amd64)
# No core dump will be written. Minidumps are not enabled by default on client versions of Windows
#

---------------  S U M M A R Y ------------

Command Line: -Dfile.encoding=Cp1252 -XX:+ShowCodeDetailsInExceptionMessages quiz.QuizUI

Host: Intel(R) Core(TM) i5-6300U CPU @ 2.40GHz, 4 cores, 3G,  Windows 10 , 64 bit Build 19041 (10.0.19041.2913)
Time: Wed May 17 00:26:59 2023 India Standard Time elapsed time: 19.155702 seconds (0d 0h 0m 19s)

---------------  T H R E A D  ---------------

Current thread (0x000002dddce477e0):  JavaThread "C2 CompilerThread0" daemon [_thread_in_native, id=15816, stack(0x000000ed22200000,0x000000ed22300000)]


Current CompileTask:
C2:  19155 1220 %     4       sun.java2d.marlin.Renderer::_endRendering @ 1927 (2480 bytes)

Stack: [0x000000ed22200000,0x000000ed22300000]
Native frames: (J=compiled Java code, j=interpreted, Vv=VM code, C=native code)
V  [jvm.dll+0x676a4a]
V  [jvm.dll+0x7d74f4]
V  [jvm.dll+0x7d8c9e]
V  [jvm.dll+0x7d9303]
V  [jvm.dll+0x2452c5]
V  [jvm.dll+0xaaa2b]
V  [jvm.dll+0xaafcc]
V  [jvm.dll+0x36141e]
V  [jvm.dll+0x32bba1]
V  [jvm.dll+0x32b03a]
V  [jvm.dll+0x217acf]
V  [jvm.dll+0x216f01]
V  [jvm.dll+0x1a35e0]
V  [jvm.dll+0x226a6e]
V  [jvm.dll+0x224e15]
V  [jvm.dll+0x78d05c]
V  [jvm.dll+0x78759a]
V  [jvm.dll+0x675875]
C  [ucrtbase.dll+0x21bb2]
C  [KERNEL32.DLL+0x17614]
C  [ntdll.dll+0x526a1]


---------------  P R O C E S S  ---------------

Threads class SMR info:
_java_thread_list=0x000002ddf8ef0810, length=16, elements={
0x000002dddce29cf0, 0x000002dddce2a8a0, 0x000002dddce436b0, 0x000002dddce44060,
0x000002dddce44a10, 0x000002ddf7f75fb0, 0x000002dddce477e0, 0x000002ddf7f7f2e0,
0x000002ddf7f878d0, 0x000002ddf8c596c0, 0x000002ddf8c5c800, 0x000002ddf8e95f10,
0x000002ddf8e992b0, 0x000002ddf8eaed50, 0x000002ddf8fb1570, 0x000002dddcd6ce70
}

Java Threads: ( => current thread )
  0x000002dddce29cf0 JavaThread "Reference Handler" daemon [_thread_blocked, id=17104, stack(0x000000ed21c00000,0x000000ed21d00000)]
  0x000002dddce2a8a0 JavaThread "Finalizer" daemon [_thread_blocked, id=19352, stack(0x000000ed21d00000,0x000000ed21e00000)]
  0x000002dddce436b0 JavaThread "Signal Dispatcher" daemon [_thread_blocked, id=19004, stack(0x000000ed21e00000,0x000000ed21f00000)]
  0x000002dddce44060 JavaThread "Attach Listener" daemon [_thread_blocked, id=4604, stack(0x000000ed21f00000,0x000000ed22000000)]
  0x000002dddce44a10 JavaThread "Service Thread" daemon [_thread_blocked, id=18980, stack(0x000000ed22000000,0x000000ed22100000)]
  0x000002ddf7f75fb0 JavaThread "Monitor Deflation Thread" daemon [_thread_blocked, id=18264, stack(0x000000ed22100000,0x000000ed22200000)]
=>0x000002dddce477e0 JavaThread "C2 CompilerThread0" daemon [_thread_in_native, id=15816, stack(0x000000ed22200000,0x000000ed22300000)]
  0x000002ddf7f7f2e0 JavaThread "C1 CompilerThread0" daemon [_thread_blocked, id=19336, stack(0x000000ed22300000,0x000000ed22400000)]
  0x000002ddf7f878d0 JavaThread "Sweeper thread" daemon [_thread_blocked, id=15732, stack(0x000000ed22400000,0x000000ed22500000)]
  0x000002ddf8c596c0 JavaThread "Notification Thread" daemon [_thread_blocked, id=17704, stack(0x000000ed22500000,0x000000ed22600000)]
  0x000002ddf8c5c800 JavaThread "Common-Cleaner" daemon [_thread_blocked, id=14904, stack(0x000000ed22700000,0x000000ed22800000)]
  0x000002ddf8e95f10 JavaThread "Java2D Disposer" daemon [_thread_blocked, id=16152, stack(0x000000ed22800000,0x000000ed22900000)]
  0x000002ddf8e992b0 JavaThread "AWT-Shutdown" [_thread_blocked, id=16536, stack(0x000000ed22900000,0x000000ed22a00000)]
  0x000002ddf8eaed50 JavaThread "AWT-Windows" daemon [_thread_in_native, id=16952, stack(0x000000ed22a00000,0x000000ed22b00000)]
  0x000002ddf8fb1570 JavaThread "AWT-EventQueue-0" [_thread_blocked, id=14520, stack(0x000000ed22c00000,0x000000ed22d00000)]
  0x000002dddcd6ce70 JavaThread "DestroyJavaVM" [_thread_blocked, id=19072, stack(0x000000ed21500000,0x000000ed21600000)]

Other Threads:
  0x000002dddce24990 VMThread "VM Thread" [stack: 0x000000ed21b00000,0x000000ed21c00000] [id=17444]
  0x000002ddf8c59fa0 WatcherThread [stack: 0x000000ed22600000,0x000000ed22700000] [id=9556]
  0x000002dddcdac040 GCTaskThread "GC Thread#0" [stack: 0x000000ed21600000,0x000000ed21700000] [id=17612]
  0x000002dddcdb59b0 ConcurrentGCThread "G1 Main Marker" [stack: 0x000000ed21700000,0x000000ed21800000] [id=2456]
  0x000002dddcdb65d0 ConcurrentGCThread "G1 Conc#0" [stack: 0x000000ed21800000,0x000000ed21900000] [id=17268]
  0x000002dddce04b60 ConcurrentGCThread "G1 Refine#0" [stack: 0x000000ed21900000,0x000000ed21a00000] [id=19160]
  0x000002dddce06830 ConcurrentGCThread "G1 Service" [stack: 0x000000ed21a00000,0x000000ed21b00000] [id=17508]

Threads with active compile tasks:
C2 CompilerThread0    19246 1220 %     4       sun.java2d.marlin.Renderer::_endRendering @ 1927 (2480 bytes)

VM state: not at safepoint (normal execution)

VM Mutex/Monitor currently owned by a thread: None

Heap address: 0x00000000c1c00000, size: 996 MB, Compressed Oops mode: 32-bit

CDS archive(s) mapped at: [0x0000000800000000-0x0000000800bd0000-0x0000000800bd0000), size 12386304, SharedBaseAddress: 0x0000000800000000, ArchiveRelocationMode: 0.
Compressed class space mapped at: 0x0000000800c00000-0x0000000840c00000, reserved size: 1073741824
Narrow klass base: 0x0000000800000000, Narrow klass shift: 0, Narrow klass range: 0x100000000

GC Precious Log:
 CPUs: 4 total, 4 available
 Memory: 3976M
 Large Page Support: Disabled
 NUMA Support: Disabled
 Compressed Oops: Enabled (32-bit)
 Heap Region Size: 1M
 Heap Min Capacity: 8M
 Heap Initial Capacity: 64M
 Heap Max Capacity: 996M
 Pre-touch: Disabled
 Parallel Workers: 4
 Concurrent Workers: 1
 Concurrent Refinement Workers: 4
 Periodic GC: Disabled

Heap:
 garbage-first heap   total 65536K, used 21504K [0x00000000c1c00000, 0x0000000100000000)
  region size 1024K, 12 young (12288K), 0 survivors (0K)
 Metaspace       used 7534K, committed 7680K, reserved 1056768K
  class space    used 800K, committed 896K, reserved 1048576K

Heap Regions: E=young(eden), S=young(survivor), O=old, HS=humongous(starts), HC=humongous(continues), CS=collection set, F=free, OA=open archive, CA=closed archive, TAMS=top-at-mark-start (previous, next)
|   0|0x00000000c1c00000, 0x00000000c1d00000, 0x00000000c1d00000|100%|HS|  |TAMS 0x00000000c1c00000, 0x00000000c1c00000| Complete 
|   1|0x00000000c1d00000, 0x00000000c1e00000, 0x00000000c1e00000|100%|HC|  |TAMS 0x00000000c1d00000, 0x00000000c1d00000| Complete 
|   2|0x00000000c1e00000, 0x00000000c1f00000, 0x00000000c1f00000|100%|HC|  |TAMS 0x00000000c1e00000, 0x00000000c1e00000| Complete 
|   3|0x00000000c1f00000, 0x00000000c2000000, 0x00000000c2000000|100%|HS|  |TAMS 0x00000000c1f00000, 0x00000000c1f00000| Complete 
|   4|0x00000000c2000000, 0x00000000c2100000, 0x00000000c2100000|100%|HC|  |TAMS 0x00000000c2000000, 0x00000000c2000000| Complete 
|   5|0x00000000c2100000, 0x00000000c2200000, 0x00000000c2200000|100%|HC|  |TAMS 0x00000000c2100000, 0x00000000c2100000| Complete 
|   6|0x00000000c2200000, 0x00000000c2300000, 0x00000000c2300000|100%|HC|  |TAMS 0x00000000c2200000, 0x00000000c2200000| Complete 
|   7|0x00000000c2300000, 0x00000000c2400000, 0x00000000c2400000|100%|HC|  |TAMS 0x00000000c2300000, 0x00000000c2300000| Complete 
|   8|0x00000000c2400000, 0x00000000c2500000, 0x00000000c2500000|100%|HC|  |TAMS 0x00000000c2400000, 0x00000000c2400000| Complete 
|   9|0x00000000c2500000, 0x00000000c2600000, 0x00000000c2600000|100%|HC|  |TAMS 0x00000000c2500000, 0x00000000c2500000| Complete 
|  10|0x00000000c2600000, 0x00000000c2600000, 0x00000000c2700000|  0%| F|  |TAMS 0x00000000c2600000, 0x00000000c2600000| Untracked 
|  11|0x00000000c2700000, 0x00000000c2700000, 0x00000000c2800000|  0%| F|  |TAMS 0x00000000c2700000, 0x00000000c2700000| Untracked 
|  12|0x00000000c2800000, 0x00000000c2800000, 0x00000000c2900000|  0%| F|  |TAMS 0x00000000c2800000, 0x00000000c2800000| Untracked 
|  13|0x00000000c2900000, 0x00000000c2900000, 0x00000000c2a00000|  0%| F|  |TAMS 0x00000000c2900000, 0x00000000c2900000| Untracked 
|  14|0x00000000c2a00000, 0x00000000c2a00000, 0x00000000c2b00000|  0%| F|  |TAMS 0x00000000c2a00000, 0x00000000c2a00000| Untracked 
|  15|0x00000000c2b00000, 0x00000000c2b00000, 0x00000000c2c00000|  0%| F|  |TAMS 0x00000000c2b00000, 0x00000000c2b00000| Untracked 
|  16|0x00000000c2c00000, 0x00000000c2c00000, 0x00000000c2d00000|  0%| F|  |TAMS 0x00000000c2c00000, 0x00000000c2c00000| Untracked 
|  17|0x00000000c2d00000, 0x00000000c2d00000, 0x00000000c2e00000|  0%| F|  |TAMS 0x00000000c2d00000, 0x00000000c2d00000| Untracked 
|  18|0x00000000c2e00000, 0x00000000c2e00000, 0x00000000c2f00000|  0%| F|  |TAMS 0x00000000c2e00000, 0x00000000c2e00000| Untracked 
|  19|0x00000000c2f00000, 0x00000000c2f00000, 0x00000000c3000000|  0%| F|  |TAMS 0x00000000c2f00000, 0x00000000c2f00000| Untracked 
|  20|0x00000000c3000000, 0x00000000c3000000, 0x00000000c3100000|  0%| F|  |TAMS 0x00000000c3000000, 0x00000000c3000000| Untracked 
|  21|0x00000000c3100000, 0x00000000c3100000, 0x00000000c3200000|  0%| F|  |TAMS 0x00000000c3100000, 0x00000000c3100000| Untracked 
|  22|0x00000000c3200000, 0x00000000c3200000, 0x00000000c3300000|  0%| F|  |TAMS 0x00000000c3200000, 0x00000000c3200000| Untracked 
|  23|0x00000000c3300000, 0x00000000c3300000, 0x00000000c3400000|  0%| F|  |TAMS 0x00000000c3300000, 0x00000000c3300000| Untracked 
|  24|0x00000000c3400000, 0x00000000c3400000, 0x00000000c3500000|  0%| F|  |TAMS 0x00000000c3400000, 0x00000000c3400000| Untracked 
|  25|0x00000000c3500000, 0x00000000c3500000, 0x00000000c3600000|  0%| F|  |TAMS 0x00000000c3500000, 0x00000000c3500000| Untracked 
|  26|0x00000000c3600000, 0x00000000c3600000, 0x00000000c3700000|  0%| F|  |TAMS 0x00000000c3600000, 0x00000000c3600000| Untracked 
|  27|0x00000000c3700000, 0x00000000c3700000, 0x00000000c3800000|  0%| F|  |TAMS 0x00000000c3700000, 0x00000000c3700000| Untracked 
|  28|0x00000000c3800000, 0x00000000c3800000, 0x00000000c3900000|  0%| F|  |TAMS 0x00000000c3800000, 0x00000000c3800000| Untracked 
|  29|0x00000000c3900000, 0x00000000c3900000, 0x00000000c3a00000|  0%| F|  |TAMS 0x00000000c3900000, 0x00000000c3900000| Untracked 
|  30|0x00000000c3a00000, 0x00000000c3a00000, 0x00000000c3b00000|  0%| F|  |TAMS 0x00000000c3a00000, 0x00000000c3a00000| Untracked 
|  31|0x00000000c3b00000, 0x00000000c3b00000, 0x00000000c3c00000|  0%| F|  |TAMS 0x00000000c3b00000, 0x00000000c3b00000| Untracked 
|  32|0x00000000c3c00000, 0x00000000c3c00000, 0x00000000c3d00000|  0%| F|  |TAMS 0x00000000c3c00000, 0x00000000c3c00000| Untracked 
|  33|0x00000000c3d00000, 0x00000000c3d00000, 0x00000000c3e00000|  0%| F|  |TAMS 0x00000000c3d00000, 0x00000000c3d00000| Untracked 
|  34|0x00000000c3e00000, 0x00000000c3e00000, 0x00000000c3f00000|  0%| F|  |TAMS 0x00000000c3e00000, 0x00000000c3e00000| Untracked 
|  35|0x00000000c3f00000, 0x00000000c3f00000, 0x00000000c4000000|  0%| F|  |TAMS 0x00000000c3f00000, 0x00000000c3f00000| Untracked 
|  36|0x00000000c4000000, 0x00000000c4000000, 0x00000000c4100000|  0%| F|  |TAMS 0x00000000c4000000, 0x00000000c4000000| Untracked 
|  37|0x00000000c4100000, 0x00000000c4100000, 0x00000000c4200000|  0%| F|  |TAMS 0x00000000c4100000, 0x00000000c4100000| Untracked 
|  38|0x00000000c4200000, 0x00000000c4200000, 0x00000000c4300000|  0%| F|  |TAMS 0x00000000c4200000, 0x00000000c4200000| Untracked 
|  39|0x00000000c4300000, 0x00000000c4300000, 0x00000000c4400000|  0%| F|  |TAMS 0x00000000c4300000, 0x00000000c4300000| Untracked 
|  40|0x00000000c4400000, 0x00000000c4400000, 0x00000000c4500000|  0%| F|  |TAMS 0x00000000c4400000, 0x00000000c4400000| Untracked 
|  41|0x00000000c4500000, 0x00000000c4500000, 0x00000000c4600000|  0%| F|  |TAMS 0x00000000c4500000, 0x00000000c4500000| Untracked 
|  42|0x00000000c4600000, 0x00000000c4600000, 0x00000000c4700000|  0%| F|  |TAMS 0x00000000c4600000, 0x00000000c4600000| Untracked 
|  43|0x00000000c4700000, 0x00000000c4700000, 0x00000000c4800000|  0%| F|  |TAMS 0x00000000c4700000, 0x00000000c4700000| Untracked 
|  44|0x00000000c4800000, 0x00000000c4800000, 0x00000000c4900000|  0%| F|  |TAMS 0x00000000c4800000, 0x00000000c4800000| Untracked 
|  45|0x00000000c4900000, 0x00000000c4900000, 0x00000000c4a00000|  0%| F|  |TAMS 0x00000000c4900000, 0x00000000c4900000| Untracked 
|  46|0x00000000c4a00000, 0x00000000c4a00000, 0x00000000c4b00000|  0%| F|  |TAMS 0x00000000c4a00000, 0x00000000c4a00000| Untracked 
|  47|0x00000000c4b00000, 0x00000000c4b00000, 0x00000000c4c00000|  0%| F|  |TAMS 0x00000000c4b00000, 0x00000000c4b00000| Untracked 
|  48|0x00000000c4c00000, 0x00000000c4c00000, 0x00000000c4d00000|  0%| F|  |TAMS 0x00000000c4c00000, 0x00000000c4c00000| Untracked 
|  49|0x00000000c4d00000, 0x00000000c4d00000, 0x00000000c4e00000|  0%| F|  |TAMS 0x00000000c4d00000, 0x00000000c4d00000| Untracked 
|  50|0x00000000c4e00000, 0x00000000c4e00000, 0x00000000c4f00000|  0%| F|  |TAMS 0x00000000c4e00000, 0x00000000c4e00000| Untracked 
|  51|0x00000000c4f00000, 0x00000000c4f00000, 0x00000000c5000000|  0%| F|  |TAMS 0x00000000c4f00000, 0x00000000c4f00000| Untracked 
|  52|0x00000000c5000000, 0x00000000c5044780, 0x00000000c5100000| 26%| E|  |TAMS 0x00000000c5000000, 0x00000000c5000000| Complete 
|  53|0x00000000c5100000, 0x00000000c5200000, 0x00000000c5200000|100%| E|CS|TAMS 0x00000000c5100000, 0x00000000c5100000| Complete 
|  54|0x00000000c5200000, 0x00000000c5300000, 0x00000000c5300000|100%| E|CS|TAMS 0x00000000c5200000, 0x00000000c5200000| Complete 
|  55|0x00000000c5300000, 0x00000000c5400000, 0x00000000c5400000|100%| E|CS|TAMS 0x00000000c5300000, 0x00000000c5300000| Complete 
|  56|0x00000000c5400000, 0x00000000c5500000, 0x00000000c5500000|100%| E|CS|TAMS 0x00000000c5400000, 0x00000000c5400000| Complete 
|  57|0x00000000c5500000, 0x00000000c5600000, 0x00000000c5600000|100%| E|CS|TAMS 0x00000000c5500000, 0x00000000c5500000| Complete 
|  58|0x00000000c5600000, 0x00000000c5700000, 0x00000000c5700000|100%| E|CS|TAMS 0x00000000c5600000, 0x00000000c5600000| Complete 
|  59|0x00000000c5700000, 0x00000000c5800000, 0x00000000c5800000|100%| E|CS|TAMS 0x00000000c5700000, 0x00000000c5700000| Complete 
|  60|0x00000000c5800000, 0x00000000c5900000, 0x00000000c5900000|100%| E|CS|TAMS 0x00000000c5800000, 0x00000000c5800000| Complete 
|  61|0x00000000c5900000, 0x00000000c5a00000, 0x00000000c5a00000|100%| E|CS|TAMS 0x00000000c5900000, 0x00000000c5900000| Complete 
|  62|0x00000000c5a00000, 0x00000000c5b00000, 0x00000000c5b00000|100%| E|CS|TAMS 0x00000000c5a00000, 0x00000000c5a00000| Complete 
|  63|0x00000000c5b00000, 0x00000000c5c00000, 0x00000000c5c00000|100%| E|CS|TAMS 0x00000000c5b00000, 0x00000000c5b00000| Complete 

Card table byte_map: [0x000002ddf3800000,0x000002ddf3a00000] _byte_map_base: 0x000002ddf31f2000

Marking Bits (Prev, Next): (CMBitMap*) 0x000002dddcdac650, (CMBitMap*) 0x000002dddcdac690
 Prev Bits: [0x000002ddf3c00000, 0x000002ddf4b90000)
 Next Bits: [0x000002ddf4b90000, 0x000002ddf5b20000)

Polling page: 0x000002dddabd0000

Metaspace:

Usage:
  Non-class:      6.58 MB used.
      Class:    800.47 KB used.
       Both:      7.36 MB used.

Virtual space:
  Non-class space:        8.00 MB reserved,       6.62 MB ( 83%) committed,  1 nodes.
      Class space:        1.00 GB reserved,     896.00 KB ( <1%) committed,  1 nodes.
             Both:        1.01 GB reserved,       7.50 MB ( <1%) committed. 

Chunk freelists:
   Non-Class:  1.00 MB
       Class:  3.12 MB
        Both:  4.12 MB

MaxMetaspaceSize: unlimited
CompressedClassSpaceSize: 1.00 GB
Initial GC threshold: 21.00 MB
Current GC threshold: 21.00 MB
CDS: on
MetaspaceReclaimPolicy: balanced
 - commit_granule_bytes: 65536.
 - commit_granule_words: 8192.
 - virtual_space_node_default_size: 1048576.
 - enlarge_chunks_in_place: 1.
 - new_chunks_are_fully_committed: 0.
 - uncommit_free_chunks: 1.
 - use_allocation_guard: 0.
 - handle_deallocations: 1.


Internal statistics:

num_allocs_failed_limit: 0.
num_arena_births: 118.
num_arena_deaths: 0.
num_vsnodes_births: 2.
num_vsnodes_deaths: 0.
num_space_committed: 120.
num_space_uncommitted: 0.
num_chunks_returned_to_freelist: 0.
num_chunks_taken_from_freelist: 175.
num_chunk_merges: 0.
num_chunk_splits: 91.
num_chunks_enlarged: 21.
num_purges: 0.
num_inconsistent_stats: 0.

CodeHeap 'non-profiled nmethods': size=120000Kb used=317Kb max_used=317Kb free=119682Kb
 bounds [0x000002ddec0d0000, 0x000002ddec340000, 0x000002ddf3600000]
CodeHeap 'profiled nmethods': size=120000Kb used=1998Kb max_used=1998Kb free=118001Kb
 bounds [0x000002dde4600000, 0x000002dde4870000, 0x000002ddebb30000]
CodeHeap 'non-nmethods': size=5760Kb used=1267Kb max_used=1284Kb free=4492Kb
 bounds [0x000002ddebb30000, 0x000002ddebda0000, 0x000002ddec0d0000]
 total_blobs=1813 nmethods=1221 adapters=505
 compilation: enabled
              stopped_count=0, restarted_count=0
 full_count=0

Compilation events (20 events):
Event: 17.988 Thread 0x000002dddce477e0 nmethod 1202 0x000002ddec11e890 code [0x000002ddec11ea60, 0x000002ddec11f0d8]
Event: 18.951 Thread 0x000002ddf7f7f2e0 1213       3       java.awt.geom.RectangularShape::getMinX (5 bytes)
Event: 18.952 Thread 0x000002ddf7f7f2e0 nmethod 1213 0x000002dde47ee010 code [0x000002dde47ee1c0, 0x000002dde47ee388]
Event: 18.952 Thread 0x000002ddf7f7f2e0 1214       3       java.awt.geom.RectangularShape::getMinY (5 bytes)
Event: 18.953 Thread 0x000002ddf7f7f2e0 nmethod 1214 0x000002dde47ee410 code [0x000002dde47ee5c0, 0x000002dde47ee788]
Event: 18.960 Thread 0x000002ddf7f7f2e0 1215       3       java.lang.StringConcatHelper::initialCoder (14 bytes)
Event: 18.960 Thread 0x000002ddf7f7f2e0 nmethod 1215 0x000002dde47ee810 code [0x000002dde47ee9a0, 0x000002dde47eeab8]
Event: 18.962 Thread 0x000002ddf7f7f2e0 1216       3       java.lang.ThreadLocal$ThreadLocalMap::getEntry (42 bytes)
Event: 18.964 Thread 0x000002ddf7f7f2e0 nmethod 1216 0x000002dde47eeb10 code [0x000002dde47eece0, 0x000002dde47ef0b8]
Event: 18.965 Thread 0x000002ddf7f7f2e0 1219       3       sun.java2d.SunGraphics2D::getRenderingHint (220 bytes)
Event: 18.968 Thread 0x000002ddf7f7f2e0 nmethod 1219 0x000002dde47ef290 code [0x000002dde47ef5a0, 0x000002dde47f0608]
Event: 18.969 Thread 0x000002ddf7f7f2e0 1217       3       sun.java2d.marlin.IntArrayCache$Reference::putArray (9 bytes)
Event: 18.969 Thread 0x000002dddce477e0 1220 %     4       sun.java2d.marlin.Renderer::_endRendering @ 1927 (2480 bytes)
Event: 18.970 Thread 0x000002ddf7f7f2e0 nmethod 1217 0x000002dde47f0c90 code [0x000002dde47f0e40, 0x000002dde47f0f88]
Event: 18.970 Thread 0x000002ddf7f7f2e0 1218       3       sun.java2d.SurfaceData::getTransparency (8 bytes)
Event: 18.971 Thread 0x000002ddf7f7f2e0 nmethod 1218 0x000002dde47f1090 code [0x000002dde47f1240, 0x000002dde47f1428]
Event: 18.971 Thread 0x000002ddf7f7f2e0 1221       3       java.util.LinkedList$Node::<init> (20 bytes)
Event: 18.973 Thread 0x000002ddf7f7f2e0 nmethod 1221 0x000002dde47f1510 code [0x000002dde47f16c0, 0x000002dde47f1938]
Event: 18.990 Thread 0x000002ddf7f7f2e0 1224       3       java.lang.StringConcatHelper::simpleConcat (94 bytes)
Event: 19.000 Thread 0x000002ddf7f7f2e0 nmethod 1224 0x000002dde47f1a10 code [0x000002dde47f1d40, 0x000002dde47f3158]

GC Heap History (0 events):
No events

Deoptimization events (14 events):
Event: 0.538 Thread 0x000002ddf8f08650 Uncommon trap: trap_request=0xffffff45 fr.pc=0x000002ddec0f4f1c relative=0x00000000000003fc
Event: 0.538 Thread 0x000002ddf8f08650 Uncommon trap: reason=unstable_if action=reinterpret pc=0x000002ddec0f4f1c method=java.lang.StringLatin1.newString([BII)Ljava/lang/String; @ 1 c2
Event: 0.538 Thread 0x000002ddf8f08650 DEOPT PACKING pc=0x000002ddec0f4f1c sp=0x000000ed22bfeb20
Event: 0.538 Thread 0x000002ddf8f08650 DEOPT UNPACKING pc=0x000002ddebb823a3 sp=0x000000ed22bfeb00 mode 2
Event: 0.619 Thread 0x000002dddcd6ce70 Uncommon trap: trap_request=0xffffff45 fr.pc=0x000002ddec0ef768 relative=0x0000000000000368
Event: 0.619 Thread 0x000002dddcd6ce70 Uncommon trap: reason=unstable_if action=reinterpret pc=0x000002ddec0ef768 method=java.lang.StringUTF16.compress([CI[BII)I @ 20 c2
Event: 0.619 Thread 0x000002dddcd6ce70 DEOPT PACKING pc=0x000002ddec0ef768 sp=0x000000ed215fd340
Event: 0.619 Thread 0x000002dddcd6ce70 DEOPT UNPACKING pc=0x000002ddebb823a3 sp=0x000000ed215fd2c0 mode 2
Event: 0.773 Thread 0x000002ddf8fb1570 Uncommon trap: trap_request=0xffffff45 fr.pc=0x000002ddec0fdb18 relative=0x0000000000000838
Event: 0.773 Thread 0x000002ddf8fb1570 Uncommon trap: reason=unstable_if action=reinterpret pc=0x000002ddec0fdb18 method=java.util.HashMap.putVal(ILjava/lang/Object;Ljava/lang/Object;ZZ)Ljava/lang/Object; @ 181 c2
Event: 0.773 Thread 0x000002ddf8fb1570 DEOPT PACKING pc=0x000002ddec0fdb18 sp=0x000000ed22cfced0
Event: 0.773 Thread 0x000002ddf8fb1570 DEOPT UNPACKING pc=0x000002ddebb823a3 sp=0x000000ed22cfce08 mode 2
Event: 13.676 Thread 0x000002ddf8fb1570 DEOPT PACKING pc=0x000002dde4754500 sp=0x000000ed22cfc7e0
Event: 13.676 Thread 0x000002ddf8fb1570 DEOPT UNPACKING pc=0x000002ddebb82b43 sp=0x000000ed22cfbc50 mode 0

Classes unloaded (0 events):
No events

Classes redefined (0 events):
No events

Internal exceptions (13 events):
Event: 0.236 Thread 0x000002dddcd6ce70 Exception <a 'java/lang/ClassNotFoundException'{0x00000000c5a37a88}: sun/awt/resources/spi/awtProvider> (0x00000000c5a37a88) 
thrown [s\open\src\hotspot\share\classfile\systemDictionary.cpp, line 256]
Event: 0.269 Thread 0x000002dddcd6ce70 Exception <a 'java/io/FileNotFoundException'{0x00000000c5a8ff38}> (0x00000000c5a8ff38) 
thrown [s\open\src\hotspot\share\prims\jni.cpp, line 516]
Event: 0.282 Thread 0x000002dddcd6ce70 Exception <a 'java/io/FileNotFoundException'{0x00000000c5abceb8}> (0x00000000c5abceb8) 
thrown [s\open\src\hotspot\share\prims\jni.cpp, line 516]
Event: 0.330 Thread 0x000002dddcd6ce70 Exception <a 'java/lang/NoSuchMethodError'{0x00000000c5907610}: 'java.lang.Object java.lang.invoke.DirectMethodHandle$Holder.invokeStaticInit(java.lang.Object)'> (0x00000000c5907610) 
thrown [s\open\src\hotspot\share\interpreter\linkResolver.cpp, line 759]
Event: 0.381 Thread 0x000002dddcd6ce70 Exception <a 'java/lang/NoSuchMethodError'{0x00000000c59941a0}: 'void java.lang.invoke.DirectMethodHandle$Holder.invokeSpecial(java.lang.Object, java.lang.Object, java.lang.Object)'> (0x00000000c59941a0) 
thrown [s\open\src\hotspot\share\interpreter\linkResolver.cpp, line 759]
Event: 0.398 Thread 0x000002dddcd6ce70 Exception <a 'java/lang/NoSuchMethodError'{0x00000000c59be2f8}: 'java.lang.Object java.lang.invoke.DirectMethodHandle$Holder.newInvokeSpecial(java.lang.Object, java.lang.Object, java.lang.Object, java.lang.Object, java.lang.Object)'> (0x00000000c59be2f8) 
thrown [s\open\src\hotspot\share\interpreter\linkResolver.cpp, line 759]
Event: 0.401 Thread 0x000002dddcd6ce70 Exception <a 'java/lang/NoSuchMethodError'{0x00000000c59c9fd0}: 'java.lang.Object java.lang.invoke.DirectMethodHandle$Holder.invokeStatic(java.lang.Object, int, java.lang.Object, java.lang.Object, java.lang.Object, java.lang.Object)'> (0x00000000c59c9fd0) 
thrown [s\open\src\hotspot\share\interpreter\linkResolver.cpp, line 759]
Event: 0.410 Thread 0x000002dddcd6ce70 Exception <a 'java/lang/NoSuchMethodError'{0x00000000c59ef790}: 'java.lang.Object java.lang.invoke.DirectMethodHandle$Holder.invokeStatic(java.lang.Object, int, java.lang.Object)'> (0x00000000c59ef790) 
thrown [s\open\src\hotspot\share\interpreter\linkResolver.cpp, line 759]
Event: 0.452 Thread 0x000002dddcd6ce70 Exception <a 'java/lang/ClassNotFoundException'{0x00000000c58a7d40}: com/sun/swing/internal/plaf/metal/resources/spi/metalProvider> (0x00000000c58a7d40) 
thrown [s\open\src\hotspot\share\classfile\systemDictionary.cpp, line 256]
Event: 0.453 Thread 0x000002dddcd6ce70 Exception <a 'java/lang/ClassNotFoundException'{0x00000000c58abc18}: com/sun/swing/internal/plaf/basic/resources/spi/basicProvider> (0x00000000c58abc18) 
thrown [s\open\src\hotspot\share\classfile\systemDictionary.cpp, line 256]
Event: 0.541 Thread 0x000002ddf8f08650 Exception <a 'java/lang/NoSuchMethodError'{0x00000000c5647088}: 'java.lang.Object java.lang.invoke.DirectMethodHandle$Holder.newInvokeSpecial(java.lang.Object, java.lang.Object, java.lang.Object, int, int, int, int, int)'> (0x00000000c5647088) 
thrown [s\open\src\hotspot\share\interpreter\linkResolver.cpp, line 759]
Event: 0.586 Thread 0x000002ddf8eaed50 Exception <a 'java/lang/NoSuchMethodError'{0x00000000c59529f0}: 'void java.lang.invoke.DirectMethodHandle$Holder.invokeVirtual(java.lang.Object, java.lang.Object)'> (0x00000000c59529f0) 
thrown [s\open\src\hotspot\share\interpreter\linkResolver.cpp, line 759]
Event: 0.605 Thread 0x000002dddcd6ce70 Exception <a 'java/lang/NoSuchMethodError'{0x00000000c54c1978}: 'void java.lang.invoke.DirectMethodHandle$Holder.invokeStaticInit(java.lang.Object)'> (0x00000000c54c1978) 
thrown [s\open\src\hotspot\share\interpreter\linkResolver.cpp, line 759]

VM Operations (20 events):
Event: 7.988 Executing VM operation: Cleanup
Event: 7.988 Executing VM operation: Cleanup done
Event: 8.998 Executing VM operation: Cleanup
Event: 8.998 Executing VM operation: Cleanup done
Event: 10.013 Executing VM operation: Cleanup
Event: 10.014 Executing VM operation: Cleanup done
Event: 12.022 Executing VM operation: Cleanup
Event: 12.023 Executing VM operation: Cleanup done
Event: 13.036 Executing VM operation: Cleanup
Event: 13.036 Executing VM operation: Cleanup done
Event: 14.049 Executing VM operation: Cleanup
Event: 14.049 Executing VM operation: Cleanup done
Event: 15.061 Executing VM operation: Cleanup
Event: 15.062 Executing VM operation: Cleanup done
Event: 16.064 Executing VM operation: Cleanup
Event: 16.064 Executing VM operation: Cleanup done
Event: 17.068 Executing VM operation: Cleanup
Event: 17.068 Executing VM operation: Cleanup done
Event: 18.084 Executing VM operation: Cleanup
Event: 18.084 Executing VM operation: Cleanup done

Events (20 events):
Event: 2.992 loading class java/text/AttributedString done
Event: 2.992 loading class java/text/AttributedString$AttributedStringIterator
Event: 2.992 loading class java/text/AttributedCharacterIterator
Event: 2.992 loading class java/text/CharacterIterator
Event: 2.992 loading class java/text/CharacterIterator done
Event: 2.992 loading class java/text/AttributedCharacterIterator done
Event: 2.992 loading class java/text/AttributedString$AttributedStringIterator done
Event: 2.992 loading class java/awt/event/ContainerEvent
Event: 2.992 loading class java/awt/event/ContainerEvent done
Event: 5.571 Thread 0x000002ddf8f08650 Thread exited: 0x000002ddf8f08650
Event: 7.170 loading class javax/swing/ClientPropertyKey
Event: 7.237 loading class javax/swing/ClientPropertyKey done
Event: 7.238 loading class javax/swing/ClientPropertyKey$1
Event: 7.238 loading class sun/awt/AWTAccessor$ClientPropertyKeyAccessor
Event: 7.238 loading class sun/awt/AWTAccessor$ClientPropertyKeyAccessor done
Event: 7.238 loading class javax/swing/ClientPropertyKey$1 done
Event: 9.356 loading class javax/swing/RepaintManager$3
Event: 9.356 loading class javax/swing/RepaintManager$3 done
Event: 12.575 loading class java/awt/event/ItemEvent
Event: 12.576 loading class java/awt/event/ItemEvent done


Dynamic libraries:
0x00007ff72de40000 - 0x00007ff72de50000 	E:\Java\jdk-17\bin\javaw.exe
0x00007ff984c10000 - 0x00007ff984e08000 	C:\WINDOWS\SYSTEM32\ntdll.dll
0x00007ff983960000 - 0x00007ff983a1f000 	C:\WINDOWS\System32\KERNEL32.DLL
0x00007ff9825c0000 - 0x00007ff9828b6000 	C:\WINDOWS\System32\KERNELBASE.dll
0x00007ff9823a0000 - 0x00007ff9824a0000 	C:\WINDOWS\System32\ucrtbase.dll
0x00007ff977430000 - 0x00007ff977449000 	E:\Java\jdk-17\bin\jli.dll
0x00007ff9771d0000 - 0x00007ff9771eb000 	E:\Java\jdk-17\bin\VCRUNTIME140.dll
0x00007ff983c60000 - 0x00007ff983d0f000 	C:\WINDOWS\System32\ADVAPI32.dll
0x00007ff983d10000 - 0x00007ff983dae000 	C:\WINDOWS\System32\msvcrt.dll
0x00007ff982da0000 - 0x00007ff982e3c000 	C:\WINDOWS\System32\sechost.dll
0x00007ff982c70000 - 0x00007ff982d96000 	C:\WINDOWS\System32\RPCRT4.dll
0x00007ff9832b0000 - 0x00007ff98344d000 	C:\WINDOWS\System32\USER32.dll
0x00007ff982bd0000 - 0x00007ff982bf2000 	C:\WINDOWS\System32\win32u.dll
0x00007ff96c380000 - 0x00007ff96c61a000 	C:\WINDOWS\WinSxS\amd64_microsoft.windows.common-controls_6595b64144ccf1df_6.0.19041.1110_none_60b5254171f9507e\COMCTL32.dll
0x00007ff984b40000 - 0x00007ff984b6c000 	C:\WINDOWS\System32\GDI32.dll
0x00007ff9824a0000 - 0x00007ff9825b5000 	C:\WINDOWS\System32\gdi32full.dll
0x00007ff982910000 - 0x00007ff9829ad000 	C:\WINDOWS\System32\msvcp_win.dll
0x00007ff9758a0000 - 0x00007ff9758aa000 	C:\WINDOWS\SYSTEM32\VERSION.dll
0x00007ff983b10000 - 0x00007ff983b40000 	C:\WINDOWS\System32\IMM32.DLL
0x00007ff979360000 - 0x00007ff97936c000 	E:\Java\jdk-17\bin\vcruntime140_1.dll
0x00007ff94e950000 - 0x00007ff94e9de000 	E:\Java\jdk-17\bin\msvcp140.dll
0x00007ff937d50000 - 0x00007ff93892d000 	E:\Java\jdk-17\bin\server\jvm.dll
0x00007ff983fc0000 - 0x00007ff983fc8000 	C:\WINDOWS\System32\PSAPI.DLL
0x00007ff9627d0000 - 0x00007ff9627d9000 	C:\WINDOWS\SYSTEM32\WSOCK32.dll
0x00007ff9664a0000 - 0x00007ff9664c7000 	C:\WINDOWS\SYSTEM32\WINMM.dll
0x00007ff983bf0000 - 0x00007ff983c5b000 	C:\WINDOWS\System32\WS2_32.dll
0x00007ff980b50000 - 0x00007ff980b62000 	C:\WINDOWS\SYSTEM32\kernel.appcore.dll
0x00007ff978ab0000 - 0x00007ff978aba000 	E:\Java\jdk-17\bin\jimage.dll
0x00007ff97f2b0000 - 0x00007ff97f494000 	C:\WINDOWS\SYSTEM32\DBGHELP.DLL
0x00007ff966670000 - 0x00007ff9666a4000 	C:\WINDOWS\SYSTEM32\dbgcore.DLL
0x00007ff9829b0000 - 0x00007ff982a32000 	C:\WINDOWS\System32\bcryptPrimitives.dll
0x00007ff9770c0000 - 0x00007ff9770e5000 	E:\Java\jdk-17\bin\java.dll
0x00007ff9492c0000 - 0x00007ff949397000 	E:\Java\jdk-17\bin\jsvml.dll
0x00007ff9843f0000 - 0x00007ff984b34000 	C:\WINDOWS\System32\SHELL32.dll
0x00007ff9802a0000 - 0x00007ff980a33000 	C:\WINDOWS\SYSTEM32\windows.storage.dll
0x00007ff983450000 - 0x00007ff9837a4000 	C:\WINDOWS\System32\combase.dll
0x00007ff981b90000 - 0x00007ff981bbe000 	C:\WINDOWS\SYSTEM32\Wldp.dll
0x00007ff9842b0000 - 0x00007ff98435d000 	C:\WINDOWS\System32\SHCORE.dll
0x00007ff984180000 - 0x00007ff9841d5000 	C:\WINDOWS\System32\shlwapi.dll
0x00007ff982230000 - 0x00007ff98224f000 	C:\WINDOWS\SYSTEM32\profapi.dll
0x00007ff977650000 - 0x00007ff977660000 	E:\Java\jdk-17\bin\verify.dll
0x00007ff9467b0000 - 0x00007ff946941000 	E:\Java\jdk-17\bin\awt.dll
0x00007ff9841e0000 - 0x00007ff9842ad000 	C:\WINDOWS\System32\OLEAUT32.dll
0x00007ff97f4a0000 - 0x00007ff97f531000 	C:\WINDOWS\SYSTEM32\apphelp.dll
0x00007ff97f850000 - 0x00007ff97f87f000 	C:\WINDOWS\system32\DWMAPI.DLL
0x00007ff97f670000 - 0x00007ff97f70e000 	C:\WINDOWS\system32\uxtheme.dll
0x00007ff9598b0000 - 0x00007ff9599d5000 	C:\WINDOWS\system32\opengl32.dll
0x00007ff95a1c0000 - 0x00007ff95a1ec000 	C:\WINDOWS\SYSTEM32\GLU32.dll
0x00007ff9837b0000 - 0x00007ff9838c4000 	C:\WINDOWS\System32\MSCTF.dll
0x00007ff983db0000 - 0x00007ff983eda000 	C:\WINDOWS\System32\ole32.dll
0x00007ff9759a0000 - 0x00007ff9759b8000 	E:\Java\jdk-17\bin\zip.dll
0x00007ff975810000 - 0x00007ff97583e000 	E:\Java\jdk-17\bin\javajpeg.dll
0x00007ff948860000 - 0x00007ff9488e6000 	E:\Java\jdk-17\bin\freetype.dll
0x00007ff944010000 - 0x00007ff9440d5000 	E:\Java\jdk-17\bin\fontmanager.dll
0x00007ff972100000 - 0x00007ff9721fa000 	C:\WINDOWS\SYSTEM32\textinputframework.dll
0x00007ff97e8a0000 - 0x00007ff97ebfe000 	C:\WINDOWS\System32\CoreUIComponents.dll
0x00007ff97ef80000 - 0x00007ff97f072000 	C:\WINDOWS\System32\CoreMessaging.dll
0x00007ff9813d0000 - 0x00007ff981403000 	C:\WINDOWS\SYSTEM32\ntmarta.dll
0x00007ff97d8c0000 - 0x00007ff97da14000 	C:\WINDOWS\SYSTEM32\wintypes.dll
0x00007ff9757f0000 - 0x00007ff975809000 	E:\Java\jdk-17\bin\net.dll
0x00007ff9723e0000 - 0x00007ff9724ea000 	C:\WINDOWS\SYSTEM32\WINHTTP.dll
0x00007ff981970000 - 0x00007ff9819da000 	C:\WINDOWS\system32\mswsock.dll
0x00007ff975750000 - 0x00007ff975766000 	E:\Java\jdk-17\bin\nio.dll
0x00007ff983b40000 - 0x00007ff983be9000 	C:\WINDOWS\System32\clbcatq.dll

dbghelp: loaded successfully - version: 4.0.5 - missing functions: none
symbol engine: initialized successfully - sym options: 0x614 - pdb path: .;E:\Java\jdk-17\bin;C:\WINDOWS\SYSTEM32;C:\WINDOWS\WinSxS\amd64_microsoft.windows.common-controls_6595b64144ccf1df_6.0.19041.1110_none_60b5254171f9507e;E:\Java\jdk-17\bin\server

VM Arguments:
jvm_args: -Dfile.encoding=Cp1252 -XX:+ShowCodeDetailsInExceptionMessages 
java_command: quiz.QuizUI
java_class_path (initial): E:\JRE\eclipse-workspace\QuizMaster\bin
Launcher Type: SUN_STANDARD

[Global flags]
     intx CICompilerCount                          = 3                                         {product} {ergonomic}
     uint ConcGCThreads                            = 1                                         {product} {ergonomic}
     uint G1ConcRefinementThreads                  = 4                                         {product} {ergonomic}
   size_t G1HeapRegionSize                         = 1048576                                   {product} {ergonomic}
    uintx GCDrainStackTargetSize                   = 64                                        {product} {ergonomic}
   size_t InitialHeapSize                          = 67108864                                  {product} {ergonomic}
   size_t MarkStackSize                            = 4194304                                   {product} {ergonomic}
   size_t MaxHeapSize                              = 1044381696                                {product} {ergonomic}
   size_t MaxNewSize                               = 625999872                                 {product} {ergonomic}
   size_t MinHeapDeltaBytes                        = 1048576                                   {product} {ergonomic}
   size_t MinHeapSize                              = 8388608                                   {product} {ergonomic}
    uintx NonNMethodCodeHeapSize                   = 5832780                                {pd product} {ergonomic}
    uintx NonProfiledCodeHeapSize                  = 122912730                              {pd product} {ergonomic}
    uintx ProfiledCodeHeapSize                     = 122912730                              {pd product} {ergonomic}
    uintx ReservedCodeCacheSize                    = 251658240                              {pd product} {ergonomic}
     bool SegmentedCodeCache                       = true                                      {product} {ergonomic}
     bool ShowCodeDetailsInExceptionMessages       = true                                   {manageable} {command line}
   size_t SoftMaxHeapSize                          = 1044381696                             {manageable} {ergonomic}
     bool UseCompressedClassPointers               = true                           {product lp64_product} {ergonomic}
     bool UseCompressedOops                        = true                           {product lp64_product} {ergonomic}
     bool UseG1GC                                  = true                                      {product} {ergonomic}
     bool UseLargePagesIndividualAllocation        = false                                  {pd product} {ergonomic}

Logging:
Log output configuration:
 #0: stdout all=warning uptime,level,tags
 #1: stderr all=off uptime,level,tags

Environment Variables:
PATH=E:/JRE//plugins/org.eclipse.justj.openjdk.hotspot.jre.full.win32.x86_64_15.0.2.v20210201-0955/jre/bin/server;E:/JRE//plugins/org.eclipse.justj.openjdk.hotspot.jre.full.win32.x86_64_15.0.2.v20210201-0955/jre/bin;D:\app\oracle\product\11.2.0\server\bin;C:\Program Files\Common Files\Oracle\Java\javapath;C:\WINDOWS\system32;C:\WINDOWS;C:\WINDOWS\System32\Wbem;C:\WINDOWS\System32\WindowsPowerShell\v1.0\;C:\WINDOWS\System32\OpenSSH\;E:\Mingw\bin;E:\react\Git\cmd;C:\Program Files\Cloudflare\Cloudflare WARP\;E:\react\nodejs\;C:\Program Files\Docker\Docker\resources\bin;E:\Java\jdk-17\bin;C:\Users\HP\anaconda3;C:\Users\HP\anaconda3\Library\mingw-w64\bin;C:\Users\HP\anaconda3\Library\usr\bin;C:\Users\HP\anaconda3\Library\bin;C:\Users\HP\anaconda3\Scripts;C:\Users\HP\AppData\Local\Microsoft\WindowsApps;C:\Users\HP\AppData\Local\Programs\Microsoft VS Code\bin;C:\Users\HP\AppData\Roaming\npm;E:\JRE;
USERNAME=HP
OS=Windows_NT
PROCESSOR_IDENTIFIER=Intel64 Family 6 Model 78 Stepping 3, GenuineIntel



---------------  S Y S T E M  ---------------

OS:
 Windows 10 , 64 bit Build 19041 (10.0.19041.2913)
OS uptime: 0 days 5:03 hours
Hyper-V role detected

CPU: total 4 (initial active 4) (2 cores per cpu, 2 threads per core) family 6 model 78 stepping 3 microcode 0xcc, cx8, cmov, fxsr, ht, mmx, 3dnowpref, sse, sse2, sse3, ssse3, sse4.1, sse4.2, popcnt, lzcnt, tsc, tscinvbit, avx, avx2, aes, erms, clmul, bmi1, bmi2, rtm, adx, fma, vzeroupper, clflush, clflushopt, hv

Memory: 4k page, system-wide physical 3976M (593M free)
TotalPageFile size 16264M (AvailPageFile size 5M)
current process WorkingSet (physical memory assigned to process): 78M, peak: 78M
current process commit charge ("private bytes"): 155M, peak: 156M

vm_info: Java HotSpot(TM) 64-Bit Server VM (17.0.7+8-LTS-224) for windows-amd64 JRE (17.0.7+8-LTS-224), built on Feb 28 2023 23:03:02 by "mach5one" with MS VC++ 17.1 (VS2022)

END.
